[LOG] SystemI::init                            : FMOD Studio Version: 00010802 (74770)
[LOG] SystemI::init                            : maxchannels = 1024, flags = 00030000, extradriverdata = 0000000000000000
[LOG] SystemI::close                           : 
[LOG] SystemI::close                           : Stop all sounds
[LOG] SystemI::close                           : done.

[LOG] OutputWASAPI::init                       : Mix Format (WAVEFORMATEX): wFormatTag=0xFFFE, nChannels=2, nSamplesPerSec=44100, nAvgBytesPerSec=352800, nBlockAlign=8, wBitsPerSample=32, cbSize=22.
[LOG] OutputWASAPI::init                       : Mix Format (WAVEFORMATEXTENSIBLE): wValidBitsPerSample=32, dwChannelMask=0x00000003, SubFormat=00000003-0000-0010-8000-00AA00389B71.
[LOG] OutputWASAPI::init                       : Output buffer size: 3760 samples, latency: 11.61ms, period: 10.00ms, DSP buffer: 1024 * 4
[WRN] SystemI::init                            : Output requires a sample rate of 44100Hz, resampling will occur.
[LOG] Thread::initThread                       : Initializing FMOD mixer thread.  priority 3
[LOG] Thread::initThread                       : - Stacksize 49152.  Stack pointer 0000000000000000 : usesemaphore = 0 : sleeptime = 0
[LOG] Thread::callback                         : * FMOD mixer thread started
[LOG] SystemI::init                            : Set up emulated output
[LOG] SystemI::init                            : create the channel pool
[LOG] Thread::initThread                       : Initializing FMOD stream thread.  priority 2
[LOG] Thread::initThread                       : - Stacksize 65536.  Stack pointer 0000000000000000 : usesemaphore = 0 : sleeptime = 10
[LOG] Thread::callback                         : * FMOD stream thread started
[LOG] Thread::initThread                       : Initializing FMOD Studio update thread.  priority 0
[LOG] Thread::initThread                       : - Stacksize 65536.  Stack pointer 0000000000000000 : usesemaphore = 0 : sleeptime = 1
[LOG] Thread::callback                         : * FMOD Studio update thread started
[LOG] Thread::initThread                       : Initializing FMOD Studio sample load thread.  priority 0
[LOG] Thread::initThread                       : - Stacksize 65536.  Stack pointer 0000000000000000 : usesemaphore = 0 : sleeptime = 1
[LOG] Thread::callback                         : * FMOD Studio sample load thread started
[LOG] LiveUpdate::init                         : 
[LOG] Thread::initThread                       : Initializing FMOD Studio bank load thread.  priority 0
[LOG] Thread::initThread                       : - Stacksize 65536.  Stack pointer 0000000000000000 : usesemaphore = 0 : sleeptime = 1
[LOG] Thread::callback                         : * FMOD Studio bank load thread started
[LOG] Profile::init                            : Profiler listening on port: 9264
[LOG] Manager::readBank                        : fileversion = 68, compatVersion = 68 (oldest = 44, newest = 74)
[LOG] Manager::readBank                        : fileversion = 68, compatVersion = 68 (oldest = 44, newest = 74)
[LOG] PlaybackSystem::acquireMasterBus         : Setting master channel group format to 3
[LOG] Manager::readBank                        : fileversion = 68, compatVersion = 68 (oldest = 44, newest = 74)
[LOG] Manager::readBank                        : fileversion = 68, compatVersion = 68 (oldest = 44, newest = 74)
[LOG] Manager::readBank                        : fileversion = 68, compatVersion = 68 (oldest = 44, newest = 74)
[LOG] SystemI::createSoundInternal             : filename =  : mode 0a000202
[LOG] SystemI::createSoundInternal             : exinfo->cbsize             = 232
[LOG] SystemI::createSoundInternal             : exinfo->length             = 902848
[LOG] SystemI::createSoundInternal             : exinfo->fileoffset         = 24864
[LOG] SystemI::createSoundInternal             : exinfo->numsubsounds       = 1
[LOG] SystemI::createSoundInternal             : exinfo->inclusionlist      = 000000004AB7FB48
[LOG] SystemI::createSoundInternal             : exinfo->inclusionlistnum   = 1
[LOG] SystemI::createSoundInternal             : exinfo->suggestedsoundtype = 5
[LOG] SystemI::createSoundInternal             : exinfo->useropen           = 000007FED2412E20
[LOG] SystemI::createSoundInternal             : exinfo->userclose          = 000007FED2412DF0
[LOG] SystemI::createSoundInternal             : exinfo->userread           = 000007FED2412F00
[LOG] SystemI::createSoundInternal             : exinfo->userseek           = 000007FED2412FB0
[LOG] SystemI::createSoundInternal             : exinfo->fileuserdata       = 000000003B8D8208
[LOG] SystemI::createSoundInternal             : exinfo->initialseekpostype = 1
[LOG] SystemI::createSoundInternal             : Format has 1 subsounds.
[LOG] SystemI::createSoundInternal             : Create as FMOD_CREATESAMPLE
[LOG] SystemI::createSoundInternal             : Multi-sample sound (1 subsounds), create a sample container.
[LOG] SystemI::createSoundInternal             : creating subsound 0/1
[LOG] SystemI::createSample                    : mode 0a000202 length 24000 samples, lengthbytes 1472
[LOG] SystemI::createSample                    : channels = 2
[LOG] SystemI::createSample                    : output = 000000003B733778
[LOG] OutputSoftware::createSample             : lengthpcm 24000, lengthbytes 1472, channels 2, format 2, freq 48000, mode 0a00020a
[LOG] SystemI::createSoundInternal             : done.  OpenState now = FMOD_OPENSTATE_READY.

[LOG] SystemI::createSoundInternal             : filename =  : mode 0a000202
[LOG] SystemI::createSoundInternal             : exinfo->cbsize             = 232
[LOG] SystemI::createSoundInternal             : exinfo->length             = 5429632
[LOG] SystemI::createSoundInternal             : exinfo->fileoffset         = 29984
[LOG] SystemI::createSoundInternal             : exinfo->numsubsounds       = 1
[LOG] SystemI::createSoundInternal             : exinfo->inclusionlist      = 000000004AB7FB48
[LOG] SystemI::createSoundInternal             : exinfo->inclusionlistnum   = 1
[LOG] SystemI::createSoundInternal             : exinfo->suggestedsoundtype = 5
[LOG] SystemI::createSoundInternal             : exinfo->useropen           = 000007FED2412E20
[LOG] SystemI::createSoundInternal             : exinfo->userclose          = 000007FED2412DF0
[LOG] SystemI::createSoundInternal             : exinfo->userread           = 000007FED2412F00
[LOG] SystemI::createSoundInternal             : exinfo->userseek           = 000007FED2412FB0
[LOG] SystemI::createSoundInternal             : exinfo->fileuserdata       = 000000003B8D8208
[LOG] SystemI::createSoundInternal             : exinfo->initialseekpostype = 1
[LOG] SystemI::createSoundInternal             : Format has 1 subsounds.
[LOG] SystemI::createSoundInternal             : Create as FMOD_CREATESAMPLE
[LOG] SystemI::createSoundInternal             : Multi-sample sound (1 subsounds), create a sample container.
[LOG] SystemI::createSoundInternal             : creating subsound 0/1
[LOG] SystemI::createSample                    : mode 0a000202 length 2880000 samples, lengthbytes 927648
[LOG] SystemI::createSample                    : channels = 2
[LOG] SystemI::createSample                    : output = 000000003B733778
[LOG] OutputSoftware::createSample             : lengthpcm 2880000, lengthbytes 927648, channels 2, format 2, freq 48000, mode 0a00020a
[LOG] SystemI::createSoundInternal             : done.  OpenState now = FMOD_OPENSTATE_READY.

[LOG] SystemI::createSoundInternal             : filename =  : mode 0a000202
[LOG] SystemI::createSoundInternal             : exinfo->cbsize             = 232
[LOG] SystemI::createSoundInternal             : exinfo->length             = 5429632
[LOG] SystemI::createSoundInternal             : exinfo->fileoffset         = 29984
[LOG] SystemI::createSoundInternal             : exinfo->numsubsounds       = 1
[LOG] SystemI::createSoundInternal             : exinfo->inclusionlist      = 000000004AB7FB48
[LOG] SystemI::createSoundInternal             : exinfo->inclusionlistnum   = 1
[LOG] SystemI::createSoundInternal             : exinfo->suggestedsoundtype = 5
[LOG] SystemI::createSoundInternal             : exinfo->useropen           = 000007FED2412E20
[LOG] SystemI::createSoundInternal             : exinfo->userclose          = 000007FED2412DF0
[LOG] SystemI::createSoundInternal             : exinfo->userread           = 000007FED2412F00
[LOG] SystemI::createSoundInternal             : exinfo->userseek           = 000007FED2412FB0
[LOG] SystemI::createSoundInternal             : exinfo->fileuserdata       = 000000003B8D8208
[LOG] SystemI::createSoundInternal             : exinfo->initialseekpostype = 1
[LOG] SystemI::createSoundInternal             : Format has 1 subsounds.
[LOG] SystemI::createSoundInternal             : Create as FMOD_CREATESAMPLE
[LOG] SystemI::createSoundInternal             : Multi-sample sound (1 subsounds), create a sample container.
[LOG] SystemI::createSoundInternal             : creating subsound 0/1
[LOG] SystemI::createSample                    : mode 0a000202 length 2880000 samples, lengthbytes 835936
[LOG] SystemI::createSample                    : channels = 2
[LOG] SystemI::createSample                    : output = 000000003B733778
[LOG] OutputSoftware::createSample             : lengthpcm 2880000, lengthbytes 835936, channels 2, format 2, freq 48000, mode 0a00020a
[LOG] SystemI::createSoundInternal             : done.  OpenState now = FMOD_OPENSTATE_READY.

[LOG] SystemI::createSoundInternal             : filename =  : mode 0a000202
[LOG] SystemI::createSoundInternal             : exinfo->cbsize             = 232
[LOG] SystemI::createSoundInternal             : exinfo->length             = 5429632
[LOG] SystemI::createSoundInternal             : exinfo->fileoffset         = 29984
[LOG] SystemI::createSoundInternal             : exinfo->numsubsounds       = 1
[LOG] SystemI::createSoundInternal             : exinfo->inclusionlist      = 000000004AB7FB48
[LOG] SystemI::createSoundInternal             : exinfo->inclusionlistnum   = 1
[LOG] SystemI::createSoundInternal             : exinfo->suggestedsoundtype = 5
[LOG] SystemI::createSoundInternal             : exinfo->useropen           = 000007FED2412E20
[LOG] SystemI::createSoundInternal             : exinfo->userclose          = 000007FED2412DF0
[LOG] SystemI::createSoundInternal             : exinfo->userread           = 000007FED2412F00
[LOG] SystemI::createSoundInternal             : exinfo->userseek           = 000007FED2412FB0
[LOG] SystemI::createSoundInternal             : exinfo->fileuserdata       = 000000003B8D8208
[LOG] SystemI::createSoundInternal             : exinfo->initialseekpostype = 1
[LOG] SystemI::createSoundInternal             : Format has 1 subsounds.
[LOG] SystemI::createSoundInternal             : Create as FMOD_CREATESAMPLE
[LOG] SystemI::createSoundInternal             : Multi-sample sound (1 subsounds), create a sample container.
[LOG] SystemI::createSoundInternal             : creating subsound 0/1
[LOG] SystemI::createSample                    : mode 0a000202 length 192000 samples, lengthbytes 55360
[LOG] SystemI::createSample                    : channels = 2
[LOG] SystemI::createSample                    : output = 000000003B733778
[LOG] OutputSoftware::createSample             : lengthpcm 192000, lengthbytes 55360, channels 2, format 2, freq 48000, mode 0a00020a
[LOG] SystemI::createSoundInternal             : done.  OpenState now = FMOD_OPENSTATE_READY.

[LOG] SystemI::createSoundInternal             : filename =  : mode 0a000202
[LOG] SystemI::createSoundInternal             : exinfo->cbsize             = 232
[LOG] SystemI::createSoundInternal             : exinfo->length             = 5429632
[LOG] SystemI::createSoundInternal             : exinfo->fileoffset         = 29984
[LOG] SystemI::createSoundInternal             : exinfo->numsubsounds       = 1
[LOG] SystemI::createSoundInternal             : exinfo->inclusionlist      = 000000004AB7FB48
[LOG] SystemI::createSoundInternal             : exinfo->inclusionlistnum   = 1
[LOG] SystemI::createSoundInternal             : exinfo->suggestedsoundtype = 5
[LOG] SystemI::createSoundInternal             : exinfo->useropen           = 000007FED2412E20
[LOG] SystemI::createSoundInternal             : exinfo->userclose          = 000007FED2412DF0
[LOG] SystemI::createSoundInternal             : exinfo->userread           = 000007FED2412F00
[LOG] SystemI::createSoundInternal             : exinfo->userseek           = 000007FED2412FB0
[LOG] SystemI::createSoundInternal             : exinfo->fileuserdata       = 000000003B8D8208
[LOG] SystemI::createSoundInternal             : exinfo->initialseekpostype = 1
[LOG] SystemI::createSoundInternal             : Format has 1 subsounds.
[LOG] SystemI::createSoundInternal             : Create as FMOD_CREATESAMPLE
[LOG] SystemI::createSoundInternal             : Multi-sample sound (1 subsounds), create a sample container.
[LOG] SystemI::createSoundInternal             : creating subsound 0/1
[LOG] SystemI::createSample                    : mode 0a000202 length 2880000 samples, lengthbytes 789632
[LOG] SystemI::createSample                    : channels = 2
[LOG] SystemI::createSample                    : output = 000000003B733778
[LOG] OutputSoftware::createSample             : lengthpcm 2880000, lengthbytes 789632, channels 2, format 2, freq 48000, mode 0a00020a
[LOG] SystemI::createSoundInternal             : done.  OpenState now = FMOD_OPENSTATE_READY.

[LOG] SystemI::createSoundInternal             : filename =  : mode 0a000202
[LOG] SystemI::createSoundInternal             : exinfo->cbsize             = 232
[LOG] SystemI::createSoundInternal             : exinfo->length             = 5429632
[LOG] SystemI::createSoundInternal             : exinfo->fileoffset         = 29984
[LOG] SystemI::createSoundInternal             : exinfo->numsubsounds       = 1
[LOG] SystemI::createSoundInternal             : exinfo->inclusionlist      = 000000004AB7FB48
[LOG] SystemI::createSoundInternal             : exinfo->inclusionlistnum   = 1
[LOG] SystemI::createSoundInternal             : exinfo->suggestedsoundtype = 5
[LOG] SystemI::createSoundInternal             : exinfo->useropen           = 000007FED2412E20
[LOG] SystemI::createSoundInternal             : exinfo->userclose          = 000007FED2412DF0
[LOG] SystemI::createSoundInternal             : exinfo->userread           = 000007FED2412F00
[LOG] SystemI::createSoundInternal             : exinfo->userseek           = 000007FED2412FB0
[LOG] SystemI::createSoundInternal             : exinfo->fileuserdata       = 000000003B8D8208
[LOG] SystemI::createSoundInternal             : exinfo->initialseekpostype = 1
[LOG] SystemI::createSoundInternal             : Format has 1 subsounds.
[LOG] SystemI::createSoundInternal             : Create as FMOD_CREATESAMPLE
[LOG] SystemI::createSoundInternal             : Multi-sample sound (1 subsounds), create a sample container.
[LOG] SystemI::createSoundInternal             : creating subsound 0/1
[LOG] SystemI::createSample                    : mode 0a000202 length 264000 samples, lengthbytes 76672
[LOG] SystemI::createSample                    : channels = 2
[LOG] SystemI::createSample                    : output = 000000003B733778
[LOG] OutputSoftware::createSample             : lengthpcm 264000, lengthbytes 76672, channels 2, format 2, freq 48000, mode 0a00020a
[LOG] SystemI::createSoundInternal             : done.  OpenState now = FMOD_OPENSTATE_READY.

[LOG] SystemI::createSoundInternal             : filename =  : mode 0a000202
[LOG] SystemI::createSoundInternal             : exinfo->cbsize             = 232
[LOG] SystemI::createSoundInternal             : exinfo->length             = 5429632
[LOG] SystemI::createSoundInternal             : exinfo->fileoffset         = 29984
[LOG] SystemI::createSoundInternal             : exinfo->numsubsounds       = 1
[LOG] SystemI::createSoundInternal             : exinfo->inclusionlist      = 000000004AB7FB48
[LOG] SystemI::createSoundInternal             : exinfo->inclusionlistnum   = 1
[LOG] SystemI::createSoundInternal             : exinfo->suggestedsoundtype = 5
[LOG] SystemI::createSoundInternal             : exinfo->useropen           = 000007FED2412E20
[LOG] SystemI::createSoundInternal             : exinfo->userclose          = 000007FED2412DF0
[LOG] SystemI::createSoundInternal             : exinfo->userread           = 000007FED2412F00
[LOG] SystemI::createSoundInternal             : exinfo->userseek           = 000007FED2412FB0
[LOG] SystemI::createSoundInternal             : exinfo->fileuserdata       = 000000003B8D8208
[LOG] SystemI::createSoundInternal             : exinfo->initialseekpostype = 1
[LOG] SystemI::createSoundInternal             : Format has 1 subsounds.
[LOG] SystemI::createSoundInternal             : Create as FMOD_CREATESAMPLE
[LOG] SystemI::createSoundInternal             : Multi-sample sound (1 subsounds), create a sample container.
[LOG] SystemI::createSoundInternal             : creating subsound 0/1
[LOG] SystemI::createSample                    : mode 0a000202 length 192000 samples, lengthbytes 34752
[LOG] SystemI::createSample                    : channels = 2
[LOG] SystemI::createSample                    : output = 000000003B733778
[LOG] OutputSoftware::createSample             : lengthpcm 192000, lengthbytes 34752, channels 2, format 2, freq 48000, mode 0a00020a
[LOG] SystemI::createSoundInternal             : done.  OpenState now = FMOD_OPENSTATE_READY.

[LOG] SystemI::createSoundInternal             : filename =  : mode 0a000202
[LOG] SystemI::createSoundInternal             : exinfo->cbsize             = 232
[LOG] SystemI::createSoundInternal             : exinfo->length             = 5429632
[LOG] SystemI::createSoundInternal             : exinfo->fileoffset         = 29984
[LOG] SystemI::createSoundInternal             : exinfo->numsubsounds       = 1
[LOG] SystemI::createSoundInternal             : exinfo->inclusionlist      = 000000004AB7FB48
[LOG] SystemI::createSoundInternal             : exinfo->inclusionlistnum   = 1
[LOG] SystemI::createSoundInternal             : exinfo->suggestedsoundtype = 5
[LOG] SystemI::createSoundInternal             : exinfo->useropen           = 000007FED2412E20
[LOG] SystemI::createSoundInternal             : exinfo->userclose          = 000007FED2412DF0
[LOG] SystemI::createSoundInternal             : exinfo->userread           = 000007FED2412F00
[LOG] SystemI::createSoundInternal             : exinfo->userseek           = 000007FED2412FB0
[LOG] SystemI::createSoundInternal             : exinfo->fileuserdata       = 000000003B8D8208
[LOG] SystemI::createSoundInternal             : exinfo->initialseekpostype = 1
[LOG] SystemI::createSoundInternal             : Format has 1 subsounds.
[LOG] SystemI::createSoundInternal             : Create as FMOD_CREATESAMPLE
[LOG] SystemI::createSoundInternal             : Multi-sample sound (1 subsounds), create a sample container.
[LOG] SystemI::createSoundInternal             : creating subsound 0/1
[LOG] SystemI::createSample                    : mode 0a000202 length 288000 samples, lengthbytes 62272
[LOG] SystemI::createSample                    : channels = 2
[LOG] SystemI::createSample                    : output = 000000003B733778
[LOG] OutputSoftware::createSample             : lengthpcm 288000, lengthbytes 62272, channels 2, format 2, freq 48000, mode 0a00020a
[LOG] SystemI::createSoundInternal             : done.  OpenState now = FMOD_OPENSTATE_READY.

[LOG] SystemI::createSoundInternal             : filename =  : mode 0a000202
[LOG] SystemI::createSoundInternal             : exinfo->cbsize             = 232
[LOG] SystemI::createSoundInternal             : exinfo->length             = 5429632
[LOG] SystemI::createSoundInternal             : exinfo->fileoffset         = 29984
[LOG] SystemI::createSoundInternal             : exinfo->numsubsounds       = 1
[LOG] SystemI::createSoundInternal             : exinfo->inclusionlist      = 000000004AB7FB48
[LOG] SystemI::createSoundInternal             : exinfo->inclusionlistnum   = 1
[LOG] SystemI::createSoundInternal             : exinfo->suggestedsoundtype = 5
[LOG] SystemI::createSoundInternal             : exinfo->useropen           = 000007FED2412E20
[LOG] SystemI::createSoundInternal             : exinfo->userclose          = 000007FED2412DF0
[LOG] SystemI::createSoundInternal             : exinfo->userread           = 000007FED2412F00
[LOG] SystemI::createSoundInternal             : exinfo->userseek           = 000007FED2412FB0
[LOG] SystemI::createSoundInternal             : exinfo->fileuserdata       = 000000003B8D8208
[LOG] SystemI::createSoundInternal             : exinfo->initialseekpostype = 1
[LOG] SystemI::createSoundInternal             : Format has 1 subsounds.
[LOG] SystemI::createSoundInternal             : Create as FMOD_CREATESAMPLE
[LOG] SystemI::createSoundInternal             : Multi-sample sound (1 subsounds), create a sample container.
[LOG] SystemI::createSoundInternal             : creating subsound 0/1
[LOG] SystemI::createSample                    : mode 0a000202 length 336000 samples, lengthbytes 92224
[LOG] SystemI::createSample                    : channels = 2
[LOG] SystemI::createSample                    : output = 000000003B733778
[LOG] OutputSoftware::createSample             : lengthpcm 336000, lengthbytes 92224, channels 2, format 2, freq 48000, mode 0a00020a
[LOG] SystemI::createSoundInternal             : done.  OpenState now = FMOD_OPENSTATE_READY.

[LOG] SystemI::createSoundInternal             : filename =  : mode 0a000202
[LOG] SystemI::createSoundInternal             : exinfo->cbsize             = 232
[LOG] SystemI::createSoundInternal             : exinfo->length             = 5429632
[LOG] SystemI::createSoundInternal             : exinfo->fileoffset         = 29984
[LOG] SystemI::createSoundInternal             : exinfo->numsubsounds       = 1
[LOG] SystemI::createSoundInternal             : exinfo->inclusionlist      = 000000004AB7FB48
[LOG] SystemI::createSoundInternal             : exinfo->inclusionlistnum   = 1
[LOG] SystemI::createSoundInternal             : exinfo->suggestedsoundtype = 5
[LOG] SystemI::createSoundInternal             : exinfo->useropen           = 000007FED2412E20
[LOG] SystemI::createSoundInternal             : exinfo->userclose          = 000007FED2412DF0
[LOG] SystemI::createSoundInternal             : exinfo->userread           = 000007FED2412F00
[LOG] SystemI::createSoundInternal             : exinfo->userseek           = 000007FED2412FB0
[LOG] SystemI::createSoundInternal             : exinfo->fileuserdata       = 000000003B8D8208
[LOG] SystemI::createSoundInternal             : exinfo->initialseekpostype = 1
[LOG] SystemI::createSoundInternal             : Format has 1 subsounds.
[LOG] SystemI::createSoundInternal             : Create as FMOD_CREATESAMPLE
[LOG] SystemI::createSoundInternal             : Multi-sample sound (1 subsounds), create a sample container.
[LOG] SystemI::createSoundInternal             : creating subsound 0/1
[LOG] SystemI::createSample                    : mode 0a000202 length 192000 samples, lengthbytes 40640
[LOG] SystemI::createSample                    : channels = 2
[LOG] SystemI::createSample                    : output = 000000003B733778
[LOG] OutputSoftware::createSample             : lengthpcm 192000, lengthbytes 40640, channels 2, format 2, freq 48000, mode 0a00020a
[LOG] SystemI::createSoundInternal             : done.  OpenState now = FMOD_OPENSTATE_READY.

[LOG] SystemI::createSoundInternal             : filename =  : mode 0a000202
[LOG] SystemI::createSoundInternal             : exinfo->cbsize             = 232
[LOG] SystemI::createSoundInternal             : exinfo->length             = 5429632
[LOG] SystemI::createSoundInternal             : exinfo->fileoffset         = 29984
[LOG] SystemI::createSoundInternal             : exinfo->numsubsounds       = 1
[LOG] SystemI::createSoundInternal             : exinfo->inclusionlist      = 000000004AB7FB48
[LOG] SystemI::createSoundInternal             : exinfo->inclusionlistnum   = 1
[LOG] SystemI::createSoundInternal             : exinfo->suggestedsoundtype = 5
[LOG] SystemI::createSoundInternal             : exinfo->useropen           = 000007FED2412E20
[LOG] SystemI::createSoundInternal             : exinfo->userclose          = 000007FED2412DF0
[LOG] SystemI::createSoundInternal             : exinfo->userread           = 000007FED2412F00
[LOG] SystemI::createSoundInternal             : exinfo->userseek           = 000007FED2412FB0
[LOG] SystemI::createSoundInternal             : exinfo->fileuserdata       = 000000003B8D8208
[LOG] SystemI::createSoundInternal             : exinfo->initialseekpostype = 1
[LOG] SystemI::createSoundInternal             : Format has 1 subsounds.
[LOG] SystemI::createSoundInternal             : Create as FMOD_CREATESAMPLE
[LOG] SystemI::createSoundInternal             : Multi-sample sound (1 subsounds), create a sample container.
[LOG] SystemI::createSoundInternal             : creating subsound 0/1
[LOG] SystemI::createSample                    : mode 0a000202 length 216000 samples, lengthbytes 41920
[LOG] SystemI::createSample                    : channels = 2
[LOG] SystemI::createSample                    : output = 000000003B733778
[LOG] OutputSoftware::createSample             : lengthpcm 216000, lengthbytes 41920, channels 2, format 2, freq 48000, mode 0a00020a
[LOG] SystemI::createSoundInternal             : done.  OpenState now = FMOD_OPENSTATE_READY.

[LOG] SystemI::createSoundInternal             : filename =  : mode 0a000202
[LOG] SystemI::createSoundInternal             : exinfo->cbsize             = 232
[LOG] SystemI::createSoundInternal             : exinfo->length             = 5429632
[LOG] SystemI::createSoundInternal             : exinfo->fileoffset         = 29984
[LOG] SystemI::createSoundInternal             : exinfo->numsubsounds       = 1
[LOG] SystemI::createSoundInternal             : exinfo->inclusionlist      = 000000004AB7FB48
[LOG] SystemI::createSoundInternal             : exinfo->inclusionlistnum   = 1
[LOG] SystemI::createSoundInternal             : exinfo->suggestedsoundtype = 5
[LOG] SystemI::createSoundInternal             : exinfo->useropen           = 000007FED2412E20
[LOG] SystemI::createSoundInternal             : exinfo->userclose          = 000007FED2412DF0
[LOG] SystemI::createSoundInternal             : exinfo->userread           = 000007FED2412F00
[LOG] SystemI::createSoundInternal             : exinfo->userseek           = 000007FED2412FB0
[LOG] SystemI::createSoundInternal             : exinfo->fileuserdata       = 000000003B8D8208
[LOG] SystemI::createSoundInternal             : exinfo->initialseekpostype = 1
[LOG] SystemI::createSoundInternal             : Format has 1 subsounds.
[LOG] SystemI::createSoundInternal             : Create as FMOD_CREATESAMPLE
[LOG] SystemI::createSoundInternal             : Multi-sample sound (1 subsounds), create a sample container.
[LOG] SystemI::createSoundInternal             : creating subsound 0/1
[LOG] SystemI::createSample                    : mode 0a000202 length 264000 samples, lengthbytes 69248
[LOG] SystemI::createSample                    : channels = 2
[LOG] SystemI::createSample                    : output = 000000003B733778
[LOG] OutputSoftware::createSample             : lengthpcm 264000, lengthbytes 69248, channels 2, format 2, freq 48000, mode 0a00020a
[LOG] SystemI::createSoundInternal             : done.  OpenState now = FMOD_OPENSTATE_READY.

[LOG] SystemI::createSoundInternal             : filename =  : mode 0a000202
[LOG] SystemI::createSoundInternal             : exinfo->cbsize             = 232
[LOG] SystemI::createSoundInternal             : exinfo->length             = 5429632
[LOG] SystemI::createSoundInternal             : exinfo->fileoffset         = 29984
[LOG] SystemI::createSoundInternal             : exinfo->numsubsounds       = 1
[LOG] SystemI::createSoundInternal             : exinfo->inclusionlist      = 000000004AB7FB48
[LOG] SystemI::createSoundInternal             : exinfo->inclusionlistnum   = 1
[LOG] SystemI::createSoundInternal             : exinfo->suggestedsoundtype = 5
[LOG] SystemI::createSoundInternal             : exinfo->useropen           = 000007FED2412E20
[LOG] SystemI::createSoundInternal             : exinfo->userclose          = 000007FED2412DF0
[LOG] SystemI::createSoundInternal             : exinfo->userread           = 000007FED2412F00
[LOG] SystemI::createSoundInternal             : exinfo->userseek           = 000007FED2412FB0
[LOG] SystemI::createSoundInternal             : exinfo->fileuserdata       = 000000003B8D8208
[LOG] SystemI::createSoundInternal             : exinfo->initialseekpostype = 1
[LOG] SystemI::createSoundInternal             : Format has 1 subsounds.
[LOG] SystemI::createSoundInternal             : Create as FMOD_CREATESAMPLE
[LOG] SystemI::createSoundInternal             : Multi-sample sound (1 subsounds), create a sample container.
[LOG] SystemI::createSoundInternal             : creating subsound 0/1
[LOG] SystemI::createSample                    : mode 0a000202 length 192000 samples, lengthbytes 36448
[LOG] SystemI::createSample                    : channels = 2
[LOG] SystemI::createSample                    : output = 000000003B733778
[LOG] OutputSoftware::createSample             : lengthpcm 192000, lengthbytes 36448, channels 2, format 2, freq 48000, mode 0a00020a
[LOG] SystemI::createSoundInternal             : done.  OpenState now = FMOD_OPENSTATE_READY.

[LOG] SystemI::createSoundInternal             : filename =  : mode 0a000202
[LOG] SystemI::createSoundInternal             : exinfo->cbsize             = 232
[LOG] SystemI::createSoundInternal             : exinfo->length             = 5429632
[LOG] SystemI::createSoundInternal             : exinfo->fileoffset         = 29984
[LOG] SystemI::createSoundInternal             : exinfo->numsubsounds       = 1
[LOG] SystemI::createSoundInternal             : exinfo->inclusionlist      = 000000004AB7FB48
[LOG] SystemI::createSoundInternal             : exinfo->inclusionlistnum   = 1
[LOG] SystemI::createSoundInternal             : exinfo->suggestedsoundtype = 5
[LOG] SystemI::createSoundInternal             : exinfo->useropen           = 000007FED2412E20
[LOG] SystemI::createSoundInternal             : exinfo->userclose          = 000007FED2412DF0
[LOG] SystemI::createSoundInternal             : exinfo->userread           = 000007FED2412F00
[LOG] SystemI::createSoundInternal             : exinfo->userseek           = 000007FED2412FB0
[LOG] SystemI::createSoundInternal             : exinfo->fileuserdata       = 000000003B8D8208
[LOG] SystemI::createSoundInternal             : exinfo->initialseekpostype = 1
[LOG] SystemI::createSoundInternal             : Format has 1 subsounds.
[LOG] SystemI::createSoundInternal             : Create as FMOD_CREATESAMPLE
[LOG] SystemI::createSoundInternal             : Multi-sample sound (1 subsounds), create a sample container.
[LOG] SystemI::createSoundInternal             : creating subsound 0/1
[LOG] SystemI::createSample                    : mode 0a000202 length 2880000 samples, lengthbytes 780576
[LOG] SystemI::createSample                    : channels = 2
[LOG] SystemI::createSample                    : output = 000000003B733778
[LOG] OutputSoftware::createSample             : lengthpcm 2880000, lengthbytes 780576, channels 2, format 2, freq 48000, mode 0a00020a
[LOG] SystemI::createSoundInternal             : done.  OpenState now = FMOD_OPENSTATE_READY.

[LOG] SystemI::createSoundInternal             : filename =  : mode 0a000202
[LOG] SystemI::createSoundInternal             : exinfo->cbsize             = 232
[LOG] SystemI::createSoundInternal             : exinfo->length             = 5429632
[LOG] SystemI::createSoundInternal             : exinfo->fileoffset         = 29984
[LOG] SystemI::createSoundInternal             : exinfo->numsubsounds       = 1
[LOG] SystemI::createSoundInternal             : exinfo->inclusionlist      = 000000004AB7FB48
[LOG] SystemI::createSoundInternal             : exinfo->inclusionlistnum   = 1
[LOG] SystemI::createSoundInternal             : exinfo->suggestedsoundtype = 5
[LOG] SystemI::createSoundInternal             : exinfo->useropen           = 000007FED2412E20
[LOG] SystemI::createSoundInternal             : exinfo->userclose          = 000007FED2412DF0
[LOG] SystemI::createSoundInternal             : exinfo->userread           = 000007FED2412F00
[LOG] SystemI::createSoundInternal             : exinfo->userseek           = 000007FED2412FB0
[LOG] SystemI::createSoundInternal             : exinfo->fileuserdata       = 000000003B8D8208
[LOG] SystemI::createSoundInternal             : exinfo->initialseekpostype = 1
[LOG] SystemI::createSoundInternal             : Format has 1 subsounds.
[LOG] SystemI::createSoundInternal             : Create as FMOD_CREATESAMPLE
[LOG] SystemI::createSoundInternal             : Multi-sample sound (1 subsounds), create a sample container.
[LOG] SystemI::createSoundInternal             : creating subsound 0/1
[LOG] SystemI::createSample                    : mode 0a000202 length 2880000 samples, lengthbytes 736992
[LOG] SystemI::createSample                    : channels = 2
[LOG] SystemI::createSample                    : output = 000000003B733778
[LOG] OutputSoftware::createSample             : lengthpcm 2880000, lengthbytes 736992, channels 2, format 2, freq 48000, mode 0a00020a
[LOG] SystemI::createSoundInternal             : done.  OpenState now = FMOD_OPENSTATE_READY.

[LOG] SystemI::createSoundInternal             : filename =  : mode 0a000202
[LOG] SystemI::createSoundInternal             : exinfo->cbsize             = 232
[LOG] SystemI::createSoundInternal             : exinfo->length             = 1153504
[LOG] SystemI::createSoundInternal             : exinfo->fileoffset         = 4224
[LOG] SystemI::createSoundInternal             : exinfo->numsubsounds       = 1
[LOG] SystemI::createSoundInternal             : exinfo->inclusionlist      = 000000004AB7FB48
[LOG] SystemI::createSoundInternal             : exinfo->inclusionlistnum   = 1
[LOG] SystemI::createSoundInternal             : exinfo->suggestedsoundtype = 5
[LOG] SystemI::createSoundInternal             : exinfo->useropen           = 000007FED2412E20
[LOG] SystemI::createSoundInternal             : exinfo->userclose          = 000007FED2412DF0
[LOG] SystemI::createSoundInternal             : exinfo->userread           = 000007FED2412F00
[LOG] SystemI::createSoundInternal             : exinfo->userseek           = 000007FED2412FB0
[LOG] SystemI::createSoundInternal             : exinfo->fileuserdata       = 000000003B8D8208
[LOG] SystemI::createSoundInternal             : exinfo->initialseekpostype = 1
[LOG] SystemI::createSoundInternal             : Format has 1 subsounds.
[LOG] SystemI::createSoundInternal             : Create as FMOD_CREATESAMPLE
[LOG] SystemI::createSoundInternal             : Multi-sample sound (1 subsounds), create a sample container.
[LOG] SystemI::createSoundInternal             : creating subsound 0/1
[LOG] SystemI::createSample                    : mode 0a000202 length 1262466 samples, lengthbytes 373216
[LOG] SystemI::createSample                    : channels = 2
[LOG] SystemI::createSample                    : output = 000000003B733778
[LOG] OutputSoftware::createSample             : lengthpcm 1262466, lengthbytes 373216, channels 2, format 2, freq 48000, mode 0a00020a
[LOG] SystemI::createSoundInternal             : done.  OpenState now = FMOD_OPENSTATE_READY.

[LOG] SystemI::createSoundInternal             : filename =  : mode 0a000202
[LOG] SystemI::createSoundInternal             : exinfo->cbsize             = 232
[LOG] SystemI::createSoundInternal             : exinfo->length             = 1153504
[LOG] SystemI::createSoundInternal             : exinfo->fileoffset         = 4224
[LOG] SystemI::createSoundInternal             : exinfo->numsubsounds       = 1
[LOG] SystemI::createSoundInternal             : exinfo->inclusionlist      = 000000004AB7FB48
[LOG] SystemI::createSoundInternal             : exinfo->inclusionlistnum   = 1
[LOG] SystemI::createSoundInternal             : exinfo->suggestedsoundtype = 5
[LOG] SystemI::createSoundInternal             : exinfo->useropen           = 000007FED2412E20
[LOG] SystemI::createSoundInternal             : exinfo->userclose          = 000007FED2412DF0
[LOG] SystemI::createSoundInternal             : exinfo->userread           = 000007FED2412F00
[LOG] SystemI::createSoundInternal             : exinfo->userseek           = 000007FED2412FB0
[LOG] SystemI::createSoundInternal             : exinfo->fileuserdata       = 000000003B8D8208
[LOG] SystemI::createSoundInternal             : exinfo->initialseekpostype = 1
[LOG] SystemI::createSoundInternal             : Format has 1 subsounds.
[LOG] SystemI::createSoundInternal             : Create as FMOD_CREATESAMPLE
[LOG] SystemI::createSoundInternal             : Multi-sample sound (1 subsounds), create a sample container.
[LOG] SystemI::createSoundInternal             : creating subsound 0/1
[LOG] SystemI::createSample                    : mode 0a000202 length 1262466 samples, lengthbytes 386272
[LOG] SystemI::createSample                    : channels = 2
[LOG] SystemI::createSample                    : output = 000000003B733778
[LOG] OutputSoftware::createSample             : lengthpcm 1262466, lengthbytes 386272, channels 2, format 2, freq 48000, mode 0a00020a
[LOG] SystemI::createSoundInternal             : done.  OpenState now = FMOD_OPENSTATE_READY.

[LOG] SystemI::createSoundInternal             : filename =  : mode 0a000202
[LOG] SystemI::createSoundInternal             : exinfo->cbsize             = 232
[LOG] SystemI::createSoundInternal             : exinfo->length             = 1153504
[LOG] SystemI::createSoundInternal             : exinfo->fileoffset         = 4224
[LOG] SystemI::createSoundInternal             : exinfo->numsubsounds       = 1
[LOG] SystemI::createSoundInternal             : exinfo->inclusionlist      = 000000004AB7FB48
[LOG] SystemI::createSoundInternal             : exinfo->inclusionlistnum   = 1
[LOG] SystemI::createSoundInternal             : exinfo->suggestedsoundtype = 5
[LOG] SystemI::createSoundInternal             : exinfo->useropen           = 000007FED2412E20
[LOG] SystemI::createSoundInternal             : exinfo->userclose          = 000007FED2412DF0
[LOG] SystemI::createSoundInternal             : exinfo->userread           = 000007FED2412F00
[LOG] SystemI::createSoundInternal             : exinfo->userseek           = 000007FED2412FB0
[LOG] SystemI::createSoundInternal             : exinfo->fileuserdata       = 000000003B8D8208
[LOG] SystemI::createSoundInternal             : exinfo->initialseekpostype = 1
[LOG] SystemI::createSoundInternal             : Format has 1 subsounds.
[LOG] SystemI::createSoundInternal             : Create as FMOD_CREATESAMPLE
[LOG] SystemI::createSoundInternal             : Multi-sample sound (1 subsounds), create a sample container.
[LOG] SystemI::createSoundInternal             : creating subsound 0/1
[LOG] SystemI::createSample                    : mode 0a000202 length 1262466 samples, lengthbytes 392256
[LOG] SystemI::createSample                    : channels = 2
[LOG] SystemI::createSample                    : output = 000000003B733778
[LOG] OutputSoftware::createSample             : lengthpcm 1262466, lengthbytes 392256, channels 2, format 2, freq 48000, mode 0a00020a
[LOG] SystemI::createSoundInternal             : done.  OpenState now = FMOD_OPENSTATE_READY.

[WRN] EventInstance::update                    : Event {6eec7c33-6806-478f-be80-ca363afe697c} waited 109 milliseconds for sample data to load.  Preload sample data to avoid this delay.
[LOG] SystemI::mixerSuspend                    : Suspending output.
[LOG] SystemI::mixerResume                     : Resuming output.
[LOG] SoundI::release                          : (null) (000000003B8FA558)
[LOG] SoundI::release                          : release subsounds. (000000003B8FA558)
[LOG] SoundI::release                          :     (null) (0000000015A408D8)
[LOG] SoundI::release                          : release codec. (000000003B8FA558)
[LOG] SoundI::release                          : (null) (000000005517A348)
[LOG] SoundI::release                          : release subsounds. (000000005517A348)
[LOG] SoundI::release                          :     (null) (0000000015A3FDE8)
[LOG] SoundI::release                          : release codec. (000000005517A348)
[LOG] SoundI::release                          : (null) (000000005517A798)
[LOG] SoundI::release                          : release subsounds. (000000005517A798)
[LOG] SoundI::release                          :     (null) (0000000015A3FAC8)
[LOG] SoundI::release                          : release codec. (000000005517A798)
[LOG] SoundI::release                          : (null) (000000003B7B2078)
[LOG] SoundI::release                          : release subsounds. (000000003B7B2078)
[LOG] SoundI::release                          :     (null) (0000000015A405B8)
[LOG] SoundI::release                          : release codec. (000000003B7B2078)
[LOG] SoundI::release                          : (null) (000000003B8FA3E8)
[LOG] SoundI::release                          : release subsounds. (000000003B8FA3E8)
[LOG] SoundI::release                          :     (null) (0000000015A3F7A8)
[LOG] SoundI::release                          : release codec. (000000003B8FA3E8)
[LOG] SoundI::release                          : (null) (0000000054FDBE78)
[LOG] SoundI::release                          : release subsounds. (0000000054FDBE78)
[LOG] SoundI::release                          :     (null) (000000005517B138)
[LOG] SoundI::release                          : release codec. (0000000054FDBE78)
[LOG] SoundI::release                          : (null) (000000005517A1D8)
[LOG] SoundI::release                          : release subsounds. (000000005517A1D8)
[LOG] SoundI::release                          :     (null) (0000000015A40298)
[LOG] SoundI::release                          : release codec. (000000005517A1D8)
[LOG] SoundI::release                          : (null) (000000003B8FA278)
[LOG] SoundI::release                          : release subsounds. (000000003B8FA278)
[LOG] SoundI::release                          :     (null) (0000000015A3F938)
[LOG] SoundI::release                          : release codec. (000000003B8FA278)
[LOG] SoundI::release                          : (null) (000000003B7B2358)
[LOG] SoundI::release                          : release subsounds. (000000003B7B2358)
[LOG] SoundI::release                          :     (null) (000000005517BA98)
[LOG] SoundI::release                          : release codec. (000000003B7B2358)
[LOG] SoundI::release                          : (null) (0000000054FDBFE8)
[LOG] SoundI::release                          : release subsounds. (0000000054FDBFE8)
[LOG] SoundI::release                          :     (null) (000000005517B908)
[LOG] SoundI::release                          : release codec. (0000000054FDBFE8)
[LOG] SoundI::release                          : (null) (0000000054FDC158)
[LOG] SoundI::release                          : release subsounds. (0000000054FDC158)
[LOG] SoundI::release                          :     (null) (000000005517B458)
[LOG] SoundI::release                          : release codec. (0000000054FDC158)
[LOG] SoundI::release                          : (null) (0000000054FDC2C8)
[LOG] SoundI::release                          : release subsounds. (0000000054FDC2C8)
[LOG] SoundI::release                          :     (null) (000000005517BDB8)
[LOG] SoundI::release                          : release codec. (0000000054FDC2C8)
[LOG] SoundI::release                          : (null) (000000003B7B1F08)
[LOG] SoundI::release                          : release subsounds. (000000003B7B1F08)
[LOG] SoundI::release                          :     (null) (0000000015A40108)
[LOG] SoundI::release                          : release codec. (000000003B7B1F08)
[LOG] SoundI::release                          : (null) (000000003B7B1D98)
[LOG] SoundI::release                          : release subsounds. (000000003B7B1D98)
[LOG] SoundI::release                          :     (null) (0000000015A40748)
[LOG] SoundI::release                          : release codec. (000000003B7B1D98)
[LOG] SoundI::release                          : (null) (000000005517A4B8)
[LOG] SoundI::release                          : release subsounds. (000000005517A4B8)
[LOG] SoundI::release                          :     (null) (0000000015A3F618)
[LOG] SoundI::release                          : release codec. (000000005517A4B8)
[LOG] SoundI::release                          : (null) (000000003B7B21E8)
[LOG] SoundI::release                          : release subsounds. (000000003B7B21E8)
[LOG] SoundI::release                          :     (null) (0000000015A40428)
[LOG] SoundI::release                          : release codec. (000000003B7B21E8)
[LOG] SoundI::release                          : (null) (000000005517A628)
[LOG] SoundI::release                          : release subsounds. (000000005517A628)
[LOG] SoundI::release                          :     (null) (0000000015A3FC58)
[LOG] SoundI::release                          : release codec. (000000005517A628)
[LOG] SoundI::release                          : (null) (0000000015A4FBE8)
[LOG] SoundI::release                          : release subsounds. (0000000015A4FBE8)
[LOG] SoundI::release                          :     (null) (0000000015A40BF8)
[LOG] SoundI::release                          : release codec. (0000000015A4FBE8)
[LOG] Thread::callback                         : * FMOD Studio update thread finished
[LOG] Thread::close                            : FMOD Studio update thread thread destroyed
[LOG] Thread::callback                         : * FMOD Studio bank load thread finished
[LOG] Thread::close                            : FMOD Studio bank load thread thread destroyed
[LOG] Profile::disconnectAll                   : Profiler disconnecting all clients
[LOG] Thread::callback                         : * FMOD Studio sample load thread finished
[LOG] Thread::close                            : FMOD Studio sample load thread thread destroyed
[LOG] LiveUpdate::release                      : 
[LOG] SystemI::close                           : 
[LOG] SystemI::close                           : Stop all sounds
[LOG] Thread::callback                         : * FMOD stream thread finished
[LOG] Thread::close                            : FMOD stream thread thread destroyed
[LOG] SystemI::close                           : Stream thread destroyed
[LOG] Thread::callback                         : * FMOD mixer thread finished
[LOG] Thread::close                            : FMOD mixer thread thread destroyed
[LOG] SystemI::close                           : Free master channel group.
[LOG] SystemI::close                           : Remove 'master' sound group.
[LOG] SystemI::close                           : Free software output.
[LOG] SystemI::close                           : Free emulated output.
[LOG] SystemI::close                           : Free channel pool.
[LOG] SystemI::close                           : done.

